[debug] [2019-06-13T15:24:59.074Z] ----------------------------------------------------------------------
[debug] [2019-06-13T15:24:59.077Z] Command:       C:\Program Files\nodejs\node.exe C:\Users\rtr\AppData\Roaming\npm\node_modules\firebase-tools\lib\bin\firebase.js deploy --only hosting:spotishare
[debug] [2019-06-13T15:24:59.078Z] CLI Version:   7.0.0
[debug] [2019-06-13T15:24:59.078Z] Platform:      win32
[debug] [2019-06-13T15:24:59.078Z] Node Version:  v10.15.0
[debug] [2019-06-13T15:24:59.079Z] Time:          Thu Jun 13 2019 17:24:59 GMT+0200 (GMT+02:00)
[debug] [2019-06-13T15:24:59.080Z] ----------------------------------------------------------------------
[debug] 
[debug] [2019-06-13T15:24:59.091Z] > command requires scopes: ["email","openid","https://www.googleapis.com/auth/cloudplatformprojects.readonly","https://www.googleapis.com/auth/firebase","https://www.googleapis.com/auth/cloud-platform"]
[debug] [2019-06-13T15:24:59.092Z] > authorizing via signed-in user
[debug] [2019-06-13T15:24:59.092Z] [iam] checking project sharespoti for permissions ["firebase.projects.get","firebasehosting.sites.update"]
[debug] [2019-06-13T15:24:59.094Z] >>> HTTP REQUEST POST https://cloudresourcemanager.googleapis.com/v1/projects/sharespoti:testIamPermissions  

[debug] [2019-06-13T15:24:59.984Z] <<< HTTP RESPONSE 200
[debug] [2019-06-13T15:24:59.987Z] >>> HTTP REQUEST GET https://firebase.googleapis.com/v1beta1/projects/sharespoti  
 
[debug] [2019-06-13T15:25:00.276Z] <<< HTTP RESPONSE 200
[info] 
[info] === Deploying to 'sharespoti'...
[info] 
[info] i  deploying hosting
[info] 
[info] +  Deploy complete!
[info] 
[info] Project Console: https://console.firebase.google.com/project/sharespoti/overview
[debug] [2019-06-13T15:25:00.293Z] TypeError: Cannot read property 'deploys' of undefined
    at C:\Users\rtr\AppData\Roaming\npm\node_modules\firebase-tools\lib\deploy\index.js:84:36
    at process._tickCallback (internal/process/next_tick.js:68:7)
[error] 
[error] Error: An unexpected error has occurred.
